<?xml version="1.0" encoding="UTF-8"?>
<!-- Generated by org.testng.reporters.JUnitReportReporter -->
<testsuite hostname="DESKTOP-GDB468S" failures="0" tests="5" name="runners.TestNgRunner" time="37.044" errors="0" timestamp="2022-08-22T14:02:06 CDT" skipped="0">
  <testcase classname="runners.TestNgRunner" name="runScenario" time="5.241"/>
  <system-out/>
  <testcase classname="runners.TestNgRunner" name="runScenario" time="5.291"/>
  <system-out/>
  <testcase classname="runners.TestNgRunner" name="runScenario" time="5.226"/>
  <system-out/>
  <testcase classname="runners.TestNgRunner" name="runScenario" time="5.233"/>
  <system-out/>
  <testcase classname="runners.TestNgRunner" name="runScenario" time="16.053"/>
  <system-out/>
</testsuite> <!-- runners.TestNgRunner -->
